{"/Users/mehmetegeacican/Desktop/code/MService/UserService/controllers/user.controller.js": {"path":"/Users/mehmetegeacican/Desktop/code/MService/UserService/controllers/user.controller.js","statementMap":{"0":{"start":{"line":1,"column":13},"end":{"line":1,"column":38}},"1":{"start":{"line":2,"column":15},"end":{"line":2,"column":34}},"2":{"start":{"line":3,"column":12},"end":{"line":3,"column":35}},"3":{"start":{"line":10,"column":15},"end":{"line":36,"column":1}},"4":{"start":{"line":11,"column":4},"end":{"line":35,"column":5}},"5":{"start":{"line":12,"column":46},"end":{"line":12,"column":54}},"6":{"start":{"line":14,"column":29},"end":{"line":14,"column":65}},"7":{"start":{"line":15,"column":8},"end":{"line":17,"column":9}},"8":{"start":{"line":16,"column":12},"end":{"line":16,"column":76}},"9":{"start":{"line":19,"column":31},"end":{"line":19,"column":62}},"10":{"start":{"line":22,"column":24},"end":{"line":26,"column":10}},"11":{"start":{"line":27,"column":8},"end":{"line":27,"column":29}},"12":{"start":{"line":29,"column":22},"end":{"line":31,"column":10}},"13":{"start":{"line":32,"column":8},"end":{"line":32,"column":100}},"14":{"start":{"line":34,"column":8},"end":{"line":34,"column":78}},"15":{"start":{"line":43,"column":14},"end":{"line":68,"column":1}},"16":{"start":{"line":44,"column":4},"end":{"line":67,"column":5}},"17":{"start":{"line":45,"column":36},"end":{"line":45,"column":44}},"18":{"start":{"line":47,"column":21},"end":{"line":47,"column":50}},"19":{"start":{"line":48,"column":8},"end":{"line":50,"column":9}},"20":{"start":{"line":49,"column":12},"end":{"line":49,"column":71}},"21":{"start":{"line":53,"column":24},"end":{"line":53,"column":69}},"22":{"start":{"line":54,"column":8},"end":{"line":56,"column":9}},"23":{"start":{"line":55,"column":12},"end":{"line":55,"column":76}},"24":{"start":{"line":58,"column":22},"end":{"line":60,"column":10}},"25":{"start":{"line":63,"column":8},"end":{"line":63,"column":87}},"26":{"start":{"line":66,"column":8},"end":{"line":66,"column":78}},"27":{"start":{"line":75,"column":18},"end":{"line":82,"column":1}},"28":{"start":{"line":76,"column":4},"end":{"line":81,"column":5}},"29":{"start":{"line":77,"column":22},"end":{"line":77,"column":39}},"30":{"start":{"line":78,"column":8},"end":{"line":78,"column":36}},"31":{"start":{"line":80,"column":8},"end":{"line":80,"column":78}},"32":{"start":{"line":89,"column":19},"end":{"line":115,"column":1}},"33":{"start":{"line":90,"column":4},"end":{"line":114,"column":5}},"34":{"start":{"line":91,"column":27},"end":{"line":91,"column":37}},"35":{"start":{"line":92,"column":46},"end":{"line":92,"column":54}},"36":{"start":{"line":95,"column":29},"end":{"line":95,"column":37}},"37":{"start":{"line":96,"column":8},"end":{"line":98,"column":9}},"38":{"start":{"line":97,"column":12},"end":{"line":97,"column":61}},"39":{"start":{"line":101,"column":28},"end":{"line":105,"column":25}},"40":{"start":{"line":107,"column":8},"end":{"line":109,"column":9}},"41":{"start":{"line":108,"column":12},"end":{"line":108,"column":71}},"42":{"start":{"line":111,"column":8},"end":{"line":111,"column":90}},"43":{"start":{"line":113,"column":8},"end":{"line":113,"column":78}},"44":{"start":{"line":117,"column":0},"end":{"line":122,"column":2}}},"fnMap":{"0":{"name":"(anonymous_0)","decl":{"start":{"line":10,"column":15},"end":{"line":10,"column":16}},"loc":{"start":{"line":10,"column":35},"end":{"line":36,"column":1}},"line":10},"1":{"name":"(anonymous_1)","decl":{"start":{"line":43,"column":14},"end":{"line":43,"column":15}},"loc":{"start":{"line":43,"column":34},"end":{"line":68,"column":1}},"line":43},"2":{"name":"(anonymous_2)","decl":{"start":{"line":75,"column":18},"end":{"line":75,"column":19}},"loc":{"start":{"line":75,"column":38},"end":{"line":82,"column":1}},"line":75},"3":{"name":"(anonymous_3)","decl":{"start":{"line":89,"column":19},"end":{"line":89,"column":20}},"loc":{"start":{"line":89,"column":39},"end":{"line":115,"column":1}},"line":89}},"branchMap":{"0":{"loc":{"start":{"line":15,"column":8},"end":{"line":17,"column":9}},"type":"if","locations":[{"start":{"line":15,"column":8},"end":{"line":17,"column":9}},{"start":{},"end":{}}],"line":15},"1":{"loc":{"start":{"line":48,"column":8},"end":{"line":50,"column":9}},"type":"if","locations":[{"start":{"line":48,"column":8},"end":{"line":50,"column":9}},{"start":{},"end":{}}],"line":48},"2":{"loc":{"start":{"line":54,"column":8},"end":{"line":56,"column":9}},"type":"if","locations":[{"start":{"line":54,"column":8},"end":{"line":56,"column":9}},{"start":{},"end":{}}],"line":54},"3":{"loc":{"start":{"line":96,"column":8},"end":{"line":98,"column":9}},"type":"if","locations":[{"start":{"line":96,"column":8},"end":{"line":98,"column":9}},{"start":{},"end":{}}],"line":96},"4":{"loc":{"start":{"line":107,"column":8},"end":{"line":109,"column":9}},"type":"if","locations":[{"start":{"line":107,"column":8},"end":{"line":109,"column":9}},{"start":{},"end":{}}],"line":107}},"s":{"0":1,"1":1,"2":1,"3":1,"4":2,"5":2,"6":2,"7":1,"8":1,"9":0,"10":0,"11":0,"12":0,"13":0,"14":1,"15":1,"16":4,"17":4,"18":4,"19":3,"20":1,"21":2,"22":2,"23":1,"24":1,"25":1,"26":1,"27":1,"28":3,"29":3,"30":2,"31":1,"32":1,"33":3,"34":3,"35":3,"36":3,"37":3,"38":3,"39":3,"40":2,"41":1,"42":1,"43":1,"44":1},"f":{"0":2,"1":4,"2":3,"3":3},"b":{"0":[1,0],"1":[1,2],"2":[1,1],"3":[3,0],"4":[1,1]},"_coverageSchema":"1a1c01bbd47fc00a2c39e90264f33305004495a9","hash":"489ac3898efcb12ef554d7f3e0616e9760f6d7fe"}
,"/Users/mehmetegeacican/Desktop/code/MService/UserService/models/User.js": {"path":"/Users/mehmetegeacican/Desktop/code/MService/UserService/models/User.js","statementMap":{"0":{"start":{"line":2,"column":17},"end":{"line":2,"column":36}},"1":{"start":{"line":4,"column":19},"end":{"line":23,"column":23}},"2":{"start":{"line":25,"column":13},"end":{"line":25,"column":47}},"3":{"start":{"line":27,"column":0},"end":{"line":27,"column":22}}},"fnMap":{},"branchMap":{},"s":{"0":1,"1":1,"2":1,"3":1},"f":{},"b":{},"_coverageSchema":"1a1c01bbd47fc00a2c39e90264f33305004495a9","hash":"308a543da09b5a61bf9f9d0d69758f1ce620b1a0"}
}
