TN:
SF:controllers/user.controller.js
FN:10,(anonymous_0)
FN:43,(anonymous_1)
FN:75,(anonymous_2)
FN:89,(anonymous_3)
FNF:4
FNH:4
FNDA:2,(anonymous_0)
FNDA:4,(anonymous_1)
FNDA:3,(anonymous_2)
FNDA:3,(anonymous_3)
DA:1,1
DA:2,1
DA:3,1
DA:10,1
DA:11,2
DA:12,2
DA:14,2
DA:15,1
DA:16,1
DA:19,0
DA:22,0
DA:27,0
DA:29,0
DA:32,0
DA:34,1
DA:43,1
DA:44,4
DA:45,4
DA:47,4
DA:48,3
DA:49,1
DA:53,2
DA:54,2
DA:55,1
DA:58,1
DA:63,1
DA:66,1
DA:75,1
DA:76,3
DA:77,3
DA:78,2
DA:80,1
DA:89,1
DA:90,3
DA:91,3
DA:92,3
DA:95,3
DA:96,3
DA:97,3
DA:101,3
DA:107,2
DA:108,1
DA:111,1
DA:113,1
DA:117,1
LF:45
LH:40
BRDA:15,0,0,1
BRDA:15,0,1,0
BRDA:48,1,0,1
BRDA:48,1,1,2
BRDA:54,2,0,1
BRDA:54,2,1,1
BRDA:96,3,0,3
BRDA:96,3,1,0
BRDA:107,4,0,1
BRDA:107,4,1,1
BRF:10
BRH:8
end_of_record
TN:
SF:models/User.js
FNF:0
FNH:0
DA:2,1
DA:4,1
DA:25,1
DA:27,1
LF:4
LH:4
BRF:0
BRH:0
end_of_record
